<?xml version="1.0" encoding="UTF-8"?>
<!-- Generated by org.testng.reporters.JUnitXMLReporter -->
<testsuite ignored="0" hostname="DESKTOP-10OIFKK" failures="0" tests="2" name="Default test" time="5.754" errors="0" timestamp="2025-05-26T11:02:10 IST">
  <testcase classname="BasicTest.TestBookLibraryAPITestingWithJsonData" name="Test_addBookInLibrary" time="3.968"/>
  <testcase classname="BasicTest.TestBookLibraryAPITestingWithJsonData" name="Test_DeleteBook" time="1.592"/>
</testsuite> <!-- Default test -->
