<?xml version="1.0" encoding="UTF-8"?>
<testng-results ignored="0" total="6" passed="6" failed="0" skipped="0">
  <reporter-output>
  </reporter-output>
  <suite started-at="2025-05-27T09:33:16 IST" name="Default suite" finished-at="2025-05-27T09:33:19 IST" duration-ms="3845">
    <groups>
    </groups>
    <test started-at="2025-05-27T09:33:16 IST" name="Default test" finished-at="2025-05-27T09:33:19 IST" duration-ms="3845">
      <class name="BasicTest.TestBookLibraryAPI">
        <test-method signature="Test_addBookInLibrary(java.lang.String,java.lang.String)[pri:0, instance:BasicTest.TestBookLibraryAPI@24aed80c]" started-at="2025-05-27T09:33:16 IST" name="Test_addBookInLibrary" data-provider="data" finished-at="2025-05-27T09:33:18 IST" duration-ms="2154" status="PASS">
          <params>
            <param index="0">
              <value>
                <![CDATA[xyzabc]]>
              </value>
            </param>
            <param index="1">
              <value>
                <![CDATA[1999]]>
              </value>
            </param>
          </params>
          <reporter-output>
          </reporter-output>
        </test-method> <!-- Test_addBookInLibrary -->
        <test-method signature="Test_addBookInLibrary(java.lang.String,java.lang.String)[pri:0, instance:BasicTest.TestBookLibraryAPI@24aed80c]" started-at="2025-05-27T09:33:18 IST" name="Test_addBookInLibrary" data-provider="data" finished-at="2025-05-27T09:33:18 IST" duration-ms="144" status="PASS">
          <params>
            <param index="0">
              <value>
                <![CDATA[abcdefgh]]>
              </value>
            </param>
            <param index="1">
              <value>
                <![CDATA[1947]]>
              </value>
            </param>
          </params>
          <reporter-output>
          </reporter-output>
        </test-method> <!-- Test_addBookInLibrary -->
        <test-method signature="Test_addBookInLibrary(java.lang.String,java.lang.String)[pri:0, instance:BasicTest.TestBookLibraryAPI@24aed80c]" started-at="2025-05-27T09:33:18 IST" name="Test_addBookInLibrary" data-provider="data" finished-at="2025-05-27T09:33:18 IST" duration-ms="152" status="PASS">
          <params>
            <param index="0">
              <value>
                <![CDATA[ijklmno]]>
              </value>
            </param>
            <param index="1">
              <value>
                <![CDATA[1905]]>
              </value>
            </param>
          </params>
          <reporter-output>
          </reporter-output>
        </test-method> <!-- Test_addBookInLibrary -->
        <test-method signature="Test_DeleteBook(java.lang.String,java.lang.String)[pri:0, instance:BasicTest.TestBookLibraryAPI@24aed80c]" started-at="2025-05-27T09:33:18 IST" name="Test_DeleteBook" data-provider="data" finished-at="2025-05-27T09:33:19 IST" depends-on-methods="BasicTest.TestBookLibraryAPI.Test_addBookInLibrary" duration-ms="1022" status="PASS">
          <params>
            <param index="0">
              <value>
                <![CDATA[xyzabc]]>
              </value>
            </param>
            <param index="1">
              <value>
                <![CDATA[1999]]>
              </value>
            </param>
          </params>
          <reporter-output>
          </reporter-output>
        </test-method> <!-- Test_DeleteBook -->
        <test-method signature="Test_DeleteBook(java.lang.String,java.lang.String)[pri:0, instance:BasicTest.TestBookLibraryAPI@24aed80c]" started-at="2025-05-27T09:33:19 IST" name="Test_DeleteBook" data-provider="data" finished-at="2025-05-27T09:33:19 IST" depends-on-methods="BasicTest.TestBookLibraryAPI.Test_addBookInLibrary" duration-ms="139" status="PASS">
          <params>
            <param index="0">
              <value>
                <![CDATA[abcdefgh]]>
              </value>
            </param>
            <param index="1">
              <value>
                <![CDATA[1947]]>
              </value>
            </param>
          </params>
          <reporter-output>
          </reporter-output>
        </test-method> <!-- Test_DeleteBook -->
        <test-method signature="Test_DeleteBook(java.lang.String,java.lang.String)[pri:0, instance:BasicTest.TestBookLibraryAPI@24aed80c]" started-at="2025-05-27T09:33:19 IST" name="Test_DeleteBook" data-provider="data" finished-at="2025-05-27T09:33:19 IST" depends-on-methods="BasicTest.TestBookLibraryAPI.Test_addBookInLibrary" duration-ms="139" status="PASS">
          <params>
            <param index="0">
              <value>
                <![CDATA[ijklmno]]>
              </value>
            </param>
            <param index="1">
              <value>
                <![CDATA[1905]]>
              </value>
            </param>
          </params>
          <reporter-output>
          </reporter-output>
        </test-method> <!-- Test_DeleteBook -->
      </class> <!-- BasicTest.TestBookLibraryAPI -->
    </test> <!-- Default test -->
  </suite> <!-- Default suite -->
</testng-results>
