<?xml version="1.0" encoding="UTF-8"?>
<testng-results ignored="0" total="2" passed="2" failed="0" skipped="0">
  <reporter-output>
  </reporter-output>
  <suite started-at="2025-05-26T11:02:04 IST" name="Default suite" finished-at="2025-05-26T11:02:10 IST" duration-ms="5754">
    <groups>
    </groups>
    <test started-at="2025-05-26T11:02:04 IST" name="Default test" finished-at="2025-05-26T11:02:10 IST" duration-ms="5754">
      <class name="BasicTest.TestBookLibraryAPITestingWithJsonData">
        <test-method signature="Test_addBookInLibrary()[pri:0, instance:BasicTest.TestBookLibraryAPITestingWithJsonData@7c6908d7]" started-at="2025-05-26T11:02:04 IST" name="Test_addBookInLibrary" finished-at="2025-05-26T11:02:08 IST" duration-ms="3968" status="PASS">
          <reporter-output>
          </reporter-output>
        </test-method> <!-- Test_addBookInLibrary -->
        <test-method signature="Test_DeleteBook()[pri:0, instance:BasicTest.TestBookLibraryAPITestingWithJsonData@7c6908d7]" started-at="2025-05-26T11:02:08 IST" name="Test_DeleteBook" finished-at="2025-05-26T11:02:10 IST" depends-on-methods="BasicTest.TestBookLibraryAPITestingWithJsonData.Test_addBookInLibrary" duration-ms="1592" status="PASS">
          <reporter-output>
          </reporter-output>
        </test-method> <!-- Test_DeleteBook -->
      </class> <!-- BasicTest.TestBookLibraryAPITestingWithJsonData -->
    </test> <!-- Default test -->
  </suite> <!-- Default suite -->
</testng-results>
